<?xml version="1.0" encoding="UTF-8"?>
<testng-results skipped="0" failed="0" ignored="0" total="1" passed="1">
  <reporter-output>
  </reporter-output>
  <suite name="Default suite" duration-ms="95992" started-at="2022-05-17T11:00:03 IST" finished-at="2022-05-17T11:01:39 IST">
    <groups>
    </groups>
    <test name="Default test" duration-ms="95992" started-at="2022-05-17T11:00:03 IST" finished-at="2022-05-17T11:01:39 IST">
      <class name="com.runner.MainClass">
        <test-method status="PASS" signature="start()[pri:0, instance:com.runner.MainClass@7113b13f]" name="start" is-config="true" duration-ms="1064" started-at="2022-05-17T11:00:02 IST" finished-at="2022-05-17T11:00:03 IST">
          <reporter-output>
          </reporter-output>
        </test-method> <!-- start -->
        <test-method status="PASS" signature="setup()[pri:0, instance:com.runner.MainClass@7113b13f]" name="setup" is-config="true" duration-ms="24921" started-at="2022-05-17T11:00:03 IST" finished-at="2022-05-17T11:00:28 IST">
          <reporter-output>
          </reporter-output>
        </test-method> <!-- setup -->
        <test-method status="PASS" signature="newOne()[pri:0, instance:com.runner.MainClass@7113b13f]" name="newOne" duration-ms="69513" started-at="2022-05-17T11:00:28 IST" finished-at="2022-05-17T11:01:37 IST">
          <reporter-output>
          </reporter-output>
        </test-method> <!-- newOne -->
        <test-method status="PASS" signature="ssMethod(org.testng.ITestResult)[pri:0, instance:com.runner.MainClass@7113b13f]" name="ssMethod" is-config="true" duration-ms="715" started-at="2022-05-17T11:01:37 IST" finished-at="2022-05-17T11:01:38 IST">
          <params>
            <param index="0">
              <value>
                <![CDATA[[TestResult name=newOne status=SUCCESS method=MainClass.newOne()[pri:0, instance:com.runner.MainClass@7113b13f] output={null}]]]>
              </value>
            </param>
          </params>
          <reporter-output>
          </reporter-output>
        </test-method> <!-- ssMethod -->
        <test-method status="PASS" signature="close()[pri:0, instance:com.runner.MainClass@7113b13f]" name="close" is-config="true" duration-ms="809" started-at="2022-05-17T11:01:38 IST" finished-at="2022-05-17T11:01:39 IST">
          <reporter-output>
          </reporter-output>
        </test-method> <!-- close -->
      </class> <!-- com.runner.MainClass -->
    </test> <!-- Default test -->
  </suite> <!-- Default suite -->
</testng-results>
